<?xml version="1.0" encoding="UTF-8"?>
<testsuites>
    <properties>
        <property name="testjobId" value="f43ad463-16eb-4e29-9e82-0315210275cf"/>
        <property name="status" value="CANCELED"/>
        <property name="jobType" value="SECURITY_TEST"/>
        <property name="message" value="Cancellation requested"/>
    </properties>
    <testsuite name="Security Test Project.Fail" tests="2" failures="1" errors="0" time="3.67">
        <testcase name="HTTP Request / Fuzzing Scan" time="2.182"/>
        <testcase name="HTTP Request / HTTP Method Fuzzing" time="1.488">
            <failure type="Failed security scan" message="Failed security scan">
                <![CDATA[<h3>
        <b>Canceled</b>
      </h3>
      <pre>Sensitive Information Exposure: [Stacktrace] Can give hackers information about which software or language you are using - Token [(?s).*(s|S)tack:.*] found [Stack:]</pre>
      <hr/>
      <pre>Valid HTTP Status Codes: Response status code: 200 is not in acceptable list of status codes</pre>
      <hr/>]]>
            </failure>
        </testcase>
    </testsuite>
</testsuites>