<?xml version="1.0" encoding="UTF-8"?>
<testsuites><properties><property name="testjobId" value="acb7ddb2-530f-4b62-992e-79d94903af0b"/><property name="status" value="FINISHED"/><property name="jobType" value="SECURITY_TEST"/></properties><testsuite name="scanProject-1-PASS.SecurityTest 1" tests="5" failures="0" errors="0" time="8.401"><testcase name="REST Request / HTTP Method Fuzzing" time="1.549"/><testcase name="REST Request / Sensitive Files Exposure" time="4.941"/><testcase name="REST Request / Weak Authentication" time="0.31"/><testcase name="Copy of REST Request / HTTP Method Fuzzing" time="1.311"/><testcase name="Copy of REST Request / Weak Authentication" time="0.29"/><system-err><![CDATA[<h3><b>REST Request / HTTP Method Fuzzing Warning</b></h3>
<pre>Valid HTTP Status Codes: Response status code: 301 is not in acceptable list of status codes</pre><hr/>
<h3><b>Copy of REST Request / HTTP Method Fuzzing Warning</b></h3>
<pre>Valid HTTP Status Codes: Response status code: 301 is not in acceptable list of status codes</pre><hr/>
]]></system-err></testsuite></testsuites>